2017-10-16T06:21:33+00:00 CRITICAL Cannot redeclare wcgp_get_product_quantity_by_sku() (previously declared in /var/www/html/lcgc-vials/wp-content/themes/storefront-child/woocommerce/loop/price.php:132)

2017-11-30T01:37:24+00:00 CRITICAL Uncaught Error: Call to undefined method WP_Post::get_id() in /var/www/html/lcgc-vials/wp-content/themes/storefront-child/functions.php:64
Stack trace:
#0 /var/www/html/lcgc-vials/wp-settings.php(424): include()
#1 /var/www/html/lcgc-vials/wp-config.php(89): require_once('/var/www/html/l...')
#2 /var/www/html/lcgc-vials/wp-load.php(37): require_once('/var/www/html/l...')
#3 /var/www/html/lcgc-vials/wp-blog-header.php(13): require_once('/var/www/html/l...')
#4 /var/www/html/lcgc-vials/index.php(17): require('/var/www/html/l...')
#5 {main}
  thrown

2017-11-30T03:00:14+00:00 CRITICAL Uncaught Error: Cannot access empty property in /var/www/html/lcgc-vials/wp-content/themes/storefront-child/woocommerce-attribute-filter/woocommerce-attribute-filter.php:33
Stack trace:
#0 /var/www/html/lcgc-vials/wp-includes/class-wp-hook.php(286): WooCommerce_Attribute_Filter->plugin_settings_page_content('')
#1 /var/www/html/lcgc-vials/wp-includes/class-wp-hook.php(310): WP_Hook->apply_filters('', Array)
#2 /var/www/html/lcgc-vials/wp-includes/plugin.php(453): WP_Hook->do_action(Array)
#3 /var/www/html/lcgc-vials/wp-admin/admin.php(224): do_action('toplevel_page_w...')
#4 {main}
  thrown

2017-12-05T01:19:09+00:00 CRITICAL Uncaught RuntimeException: urlencode() expects parameter 1 to be string, array given on line 4790 in file /var/www/html/lcgc-vials/wp-includes/formatting.php in /var/www/html/lcgc-vials/wp-content/themes/storefront-child/alternativeStoreTemplate.php:11
Stack trace:
#0 [internal function]: {closure}(2, 'urlencode() exp...', '/var/www/html/l...', 4790, Array)
#1 /var/www/html/lcgc-vials/wp-includes/formatting.php(4790): urlencode(Array)
#2 /var/www/html/lcgc-vials/wp-includes/class-wp-query.php(1044): wp_basename(Array)
#3 /var/www/html/lcgc-vials/wp-includes/class-wp-query.php(840): WP_Query->parse_tax_query(Array)
#4 /var/www/html/lcgc-vials/wp-includes/class-wp-query.php(1621): WP_Query->parse_query()
#5 /var/www/html/lcgc-vials/wp-includes/class-wp-query.php(3222): WP_Query->get_posts()
#6 /var/www/html/lcgc-vials/wp-includes/class-wp-query.php(3328): WP_Query->query(Array)
#7 /var/www/html/lcgc-vials/wp-content/themes/storefront-child/alternativeStoreTemplate.php(60): WP_Query->__construct(Array)
#8 /var/w

2017-12-05T02:30:36+00:00 CRITICAL Uncaught Error: Call to undefined method WC_Product_Simple::wc_display_product_attributes() in /var/www/html/lcgc-vials/wp-content/themes/storefront-child/includes/woo.php:116
Stack trace:
#0 /var/www/html/lcgc-vials/wp-content/themes/storefront-child/includes/woo.php(178): generate_quantity_select_box(Object(WC_Product_Simple), '', true)
#1 /var/www/html/lcgc-vials/wp-includes/class-wp-hook.php(286): quantity_inputs_for_woocommerce_loop_add_to_cart_link('<a rel="nofollo...', Object(WC_Product_Simple))
#2 /var/www/html/lcgc-vials/wp-includes/plugin.php(203): WP_Hook->apply_filters('<a rel="nofollo...', Array)
#3 /var/www/html/lcgc-vials/wp-content/plugins/woocommerce/templates/loop/add-to-cart.php(34): apply_filters('woocommerce_loo...', '<a rel="nofollo...', Object(WC_Product_Simple))
#4 /var/www/html/lcgc-vials/wp-content/plugins/woocommerce/includes/wc-core-functions.php(209): include('/var/www/html/l...')
#5 /var/www/html/lcgc-vials/wp-content/plugins/woocommerce/includes/wc-template-functions.php(743): w

2017-12-06T23:56:44+00:00 CRITICAL Uncaught RuntimeException: Undefined index: Material on line 16 in file /var/www/html/lcgc-vials/wp-content/themes/storefront-child/alternativeStoreTemplate.php in /var/www/html/lcgc-vials/wp-content/themes/storefront-child/alternativeStoreTemplate.php:10
Stack trace:
#0 /var/www/html/lcgc-vials/wp-content/themes/storefront-child/alternativeStoreTemplate.php(16): {closure}(8, 'Undefined index...', '/var/www/html/l...', 16, Array)
#1 /var/www/html/lcgc-vials/wp-includes/template-loader.php(74): include('/var/www/html/l...')
#2 /var/www/html/lcgc-vials/wp-blog-header.php(19): require_once('/var/www/html/l...')
#3 /var/www/html/lcgc-vials/index.php(17): require('/var/www/html/l...')
#4 {main}
  thrown

2017-12-07T00:14:29+00:00 CRITICAL Maximum execution time of 30 seconds exceeded

2017-12-07T00:18:43+00:00 CRITICAL Uncaught RuntimeException: Undefined variable: LCGC_Sidebar_Filter_Widget on line 16 in file /var/www/html/lcgc-vials/wp-content/themes/storefront-child/alternativeStoreTemplate.php in /var/www/html/lcgc-vials/wp-content/themes/storefront-child/alternativeStoreTemplate.php:10
Stack trace:
#0 /var/www/html/lcgc-vials/wp-content/themes/storefront-child/alternativeStoreTemplate.php(16): {closure}(8, 'Undefined varia...', '/var/www/html/l...', 16, Array)
#1 /var/www/html/lcgc-vials/wp-includes/template-loader.php(74): include('/var/www/html/l...')
#2 /var/www/html/lcgc-vials/wp-blog-header.php(19): require_once('/var/www/html/l...')
#3 /var/www/html/lcgc-vials/index.php(17): require('/var/www/html/l...')
#4 {main}
  thrown

2017-12-07T00:34:02+00:00 CRITICAL Uncaught RuntimeException: Undefined variable: category on line 103 in file /var/www/html/lcgc-vials/wp-content/themes/storefront-child/alternativeStoreTemplate.php in /var/www/html/lcgc-vials/wp-content/themes/storefront-child/alternativeStoreTemplate.php:10
Stack trace:
#0 /var/www/html/lcgc-vials/wp-content/themes/storefront-child/alternativeStoreTemplate.php(103): {closure}(8, 'Undefined varia...', '/var/www/html/l...', 103, Array)
#1 /var/www/html/lcgc-vials/wp-includes/template-loader.php(74): include('/var/www/html/l...')
#2 /var/www/html/lcgc-vials/wp-blog-header.php(19): require_once('/var/www/html/l...')
#3 /var/www/html/lcgc-vials/index.php(17): require('/var/www/html/l...')
#4 {main}
  thrown

2017-12-07T00:34:39+00:00 CRITICAL Uncaught RuntimeException: Undefined index: ferrules on line 103 in file /var/www/html/lcgc-vials/wp-content/themes/storefront-child/alternativeStoreTemplate.php in /var/www/html/lcgc-vials/wp-content/themes/storefront-child/alternativeStoreTemplate.php:10
Stack trace:
#0 /var/www/html/lcgc-vials/wp-content/themes/storefront-child/alternativeStoreTemplate.php(103): {closure}(8, 'Undefined index...', '/var/www/html/l...', 103, Array)
#1 /var/www/html/lcgc-vials/wp-includes/template-loader.php(74): include('/var/www/html/l...')
#2 /var/www/html/lcgc-vials/wp-blog-header.php(19): require_once('/var/www/html/l...')
#3 /var/www/html/lcgc-vials/index.php(17): require('/var/www/html/l...')
#4 {main}
  thrown

2017-12-07T00:35:04+00:00 CRITICAL Uncaught RuntimeException: Trying to get property of non-object on line 104 in file /var/www/html/lcgc-vials/wp-content/themes/storefront-child/alternativeStoreTemplate.php in /var/www/html/lcgc-vials/wp-content/themes/storefront-child/alternativeStoreTemplate.php:10
Stack trace:
#0 /var/www/html/lcgc-vials/wp-content/themes/storefront-child/alternativeStoreTemplate.php(104): {closure}(8, 'Trying to get p...', '/var/www/html/l...', 104, Array)
#1 /var/www/html/lcgc-vials/wp-includes/template-loader.php(74): include('/var/www/html/l...')
#2 /var/www/html/lcgc-vials/wp-blog-header.php(19): require_once('/var/www/html/l...')
#3 /var/www/html/lcgc-vials/index.php(17): require('/var/www/html/l...')
#4 {main}
  thrown

2017-12-07T00:35:16+00:00 CRITICAL Uncaught RuntimeException: Trying to get property of non-object on line 104 in file /var/www/html/lcgc-vials/wp-content/themes/storefront-child/alternativeStoreTemplate.php in /var/www/html/lcgc-vials/wp-content/themes/storefront-child/alternativeStoreTemplate.php:10
Stack trace:
#0 /var/www/html/lcgc-vials/wp-content/themes/storefront-child/alternativeStoreTemplate.php(104): {closure}(8, 'Trying to get p...', '/var/www/html/l...', 104, Array)
#1 /var/www/html/lcgc-vials/wp-includes/template-loader.php(74): include('/var/www/html/l...')
#2 /var/www/html/lcgc-vials/wp-blog-header.php(19): require_once('/var/www/html/l...')
#3 /var/www/html/lcgc-vials/index.php(17): require('/var/www/html/l...')
#4 {main}
  thrown

2017-12-07T00:42:09+00:00 CRITICAL Uncaught Error: __clone method called on non-object in /var/www/html/lcgc-vials/wp-content/themes/storefront-child/alternativeStoreTemplate.php:103
Stack trace:
#0 /var/www/html/lcgc-vials/wp-includes/template-loader.php(74): include()
#1 /var/www/html/lcgc-vials/wp-blog-header.php(19): require_once('/var/www/html/l...')
#2 /var/www/html/lcgc-vials/index.php(17): require('/var/www/html/l...')
#3 {main}
  thrown

2017-12-07T00:47:40+00:00 CRITICAL Uncaught Error: __clone method called on non-object in /var/www/html/lcgc-vials/wp-content/themes/storefront-child/alternativeStoreTemplate.php:104
Stack trace:
#0 /var/www/html/lcgc-vials/wp-includes/template-loader.php(74): include()
#1 /var/www/html/lcgc-vials/wp-blog-header.php(19): require_once('/var/www/html/l...')
#2 /var/www/html/lcgc-vials/index.php(17): require('/var/www/html/l...')
#3 {main}
  thrown

2017-12-07T00:54:46+00:00 CRITICAL Uncaught RuntimeException: array_pop() expects parameter 1 to be array, null given on line 129 in file /var/www/html/lcgc-vials/wp-content/themes/storefront-child/alternativeStoreTemplate.php in /var/www/html/lcgc-vials/wp-content/themes/storefront-child/alternativeStoreTemplate.php:10
Stack trace:
#0 [internal function]: {closure}(2, 'array_pop() exp...', '/var/www/html/l...', 129, Array)
#1 /var/www/html/lcgc-vials/wp-content/themes/storefront-child/alternativeStoreTemplate.php(129): array_pop(NULL)
#2 /var/www/html/lcgc-vials/wp-includes/template-loader.php(74): include('/var/www/html/l...')
#3 /var/www/html/lcgc-vials/wp-blog-header.php(19): require_once('/var/www/html/l...')
#4 /var/www/html/lcgc-vials/index.php(17): require('/var/www/html/l...')
#5 {main}
  thrown

2017-12-07T01:04:31+00:00 CRITICAL Uncaught RuntimeException: Array to string conversion on line 108 in file /var/www/html/lcgc-vials/wp-content/themes/storefront-child/alternativeStoreTemplate.php in /var/www/html/lcgc-vials/wp-content/themes/storefront-child/alternativeStoreTemplate.php:10
Stack trace:
#0 /var/www/html/lcgc-vials/wp-content/themes/storefront-child/alternativeStoreTemplate.php(108): {closure}(8, 'Array to string...', '/var/www/html/l...', 108, Array)
#1 /var/www/html/lcgc-vials/wp-includes/template-loader.php(74): include('/var/www/html/l...')
#2 /var/www/html/lcgc-vials/wp-blog-header.php(19): require_once('/var/www/html/l...')
#3 /var/www/html/lcgc-vials/index.php(17): require('/var/www/html/l...')
#4 {main}
  thrown

2017-12-07T01:11:56+00:00 CRITICAL Uncaught RuntimeException: Array to string conversion on line 131 in file /var/www/html/lcgc-vials/wp-content/themes/storefront-child/alternativeStoreTemplate.php in /var/www/html/lcgc-vials/wp-content/themes/storefront-child/alternativeStoreTemplate.php:10
Stack trace:
#0 /var/www/html/lcgc-vials/wp-content/themes/storefront-child/alternativeStoreTemplate.php(131): {closure}(8, 'Array to string...', '/var/www/html/l...', 131, Array)
#1 /var/www/html/lcgc-vials/wp-includes/template-loader.php(74): include('/var/www/html/l...')
#2 /var/www/html/lcgc-vials/wp-blog-header.php(19): require_once('/var/www/html/l...')
#3 /var/www/html/lcgc-vials/index.php(17): require('/var/www/html/l...')
#4 {main}
  thrown

2017-12-07T01:12:50+00:00 CRITICAL Uncaught RuntimeException: Undefined variable: exlusion_args on line 131 in file /var/www/html/lcgc-vials/wp-content/themes/storefront-child/alternativeStoreTemplate.php in /var/www/html/lcgc-vials/wp-content/themes/storefront-child/alternativeStoreTemplate.php:10
Stack trace:
#0 /var/www/html/lcgc-vials/wp-content/themes/storefront-child/alternativeStoreTemplate.php(131): {closure}(8, 'Undefined varia...', '/var/www/html/l...', 131, Array)
#1 /var/www/html/lcgc-vials/wp-includes/template-loader.php(74): include('/var/www/html/l...')
#2 /var/www/html/lcgc-vials/wp-blog-header.php(19): require_once('/var/www/html/l...')
#3 /var/www/html/lcgc-vials/index.php(17): require('/var/www/html/l...')
#4 {main}
  thrown

2017-12-07T01:25:23+00:00 CRITICAL Uncaught RuntimeException: Undefined index: Fitting Sizee on line 125 in file /var/www/html/lcgc-vials/wp-content/themes/storefront-child/alternativeStoreTemplate.php in /var/www/html/lcgc-vials/wp-content/themes/storefront-child/alternativeStoreTemplate.php:10
Stack trace:
#0 /var/www/html/lcgc-vials/wp-content/themes/storefront-child/alternativeStoreTemplate.php(125): {closure}(8, 'Undefined index...', '/var/www/html/l...', 125, Array)
#1 /var/www/html/lcgc-vials/wp-includes/template-loader.php(74): include('/var/www/html/l...')
#2 /var/www/html/lcgc-vials/wp-blog-header.php(19): require_once('/var/www/html/l...')
#3 /var/www/html/lcgc-vials/index.php(17): require('/var/www/html/l...')
#4 {main}
  thrown

2017-12-07T01:27:27+00:00 CRITICAL Uncaught RuntimeException: array_key_exists() expects parameter 2 to be array, string given on line 138 in file /var/www/html/lcgc-vials/wp-content/themes/storefront-child/alternativeStoreTemplate.php in /var/www/html/lcgc-vials/wp-content/themes/storefront-child/alternativeStoreTemplate.php:10
Stack trace:
#0 [internal function]: {closure}(2, 'array_key_exist...', '/var/www/html/l...', 138, Array)
#1 /var/www/html/lcgc-vials/wp-content/themes/storefront-child/alternativeStoreTemplate.php(138): array_key_exists('1/16\\"', '1/16\\"')
#2 /var/www/html/lcgc-vials/wp-includes/template-loader.php(74): include('/var/www/html/l...')
#3 /var/www/html/lcgc-vials/wp-blog-header.php(19): require_once('/var/www/html/l...')
#4 /var/www/html/lcgc-vials/index.php(17): require('/var/www/html/l...')
#5 {main}
  thrown

2017-12-07T01:31:32+00:00 CRITICAL Uncaught RuntimeException: Undefined index: Ferrule ID on line 143 in file /var/www/html/lcgc-vials/wp-content/themes/storefront-child/alternativeStoreTemplate.php in /var/www/html/lcgc-vials/wp-content/themes/storefront-child/alternativeStoreTemplate.php:10
Stack trace:
#0 /var/www/html/lcgc-vials/wp-content/themes/storefront-child/alternativeStoreTemplate.php(143): {closure}(8, 'Undefined index...', '/var/www/html/l...', 143, Array)
#1 /var/www/html/lcgc-vials/wp-includes/template-loader.php(74): include('/var/www/html/l...')
#2 /var/www/html/lcgc-vials/wp-blog-header.php(19): require_once('/var/www/html/l...')
#3 /var/www/html/lcgc-vials/index.php(17): require('/var/www/html/l...')
#4 {main}
  thrown

2017-12-07T03:00:26+00:00 CRITICAL Uncaught RuntimeException: mysqli_query(): send of 3053 bytes failed with errno=32 Broken pipe on line 1931 in file /var/www/html/lcgc-vials/wp-includes/wp-db.php in /var/www/html/lcgc-vials/wp-content/themes/storefront-child/alternativeStoreTemplate.php:10
Stack trace:
#0 [internal function]: {closure}(8, 'mysqli_query():...', '/var/www/html/l...', 1931, Array)
#1 /var/www/html/lcgc-vials/wp-includes/wp-db.php(1931): mysqli_query(Object(mysqli), 'SELECT   wp_pos...')
#2 /var/www/html/lcgc-vials/wp-includes/wp-db.php(1820): wpdb->_do_query('SELECT   wp_pos...')
#3 /var/www/html/lcgc-vials/wp-includes/wp-db.php(2461): wpdb->query('SELECT   wp_pos...')
#4 /var/www/html/lcgc-vials/wp-includes/class-wp-query.php(2760): wpdb->get_col('SELECT   wp_pos...')
#5 /var/www/html/lcgc-vials/wp-includes/class-wp-query.php(3222): WP_Query->get_posts()
#6 /var/www/html/lcgc-vials/wp-includes/post.php(1704): WP_Query->query(Array)
#7 /var/www/html/lcgc-vials/wp-content/themes/storefront-child/alternativeStoreTemplate.php(129)

2017-12-07T03:00:26+00:00 CRITICAL Uncaught RuntimeException: mysqli_query(): MySQL server has gone away on line 1931 in file /var/www/html/lcgc-vials/wp-includes/wp-db.php in /var/www/html/lcgc-vials/wp-content/themes/storefront-child/alternativeStoreTemplate.php:10
Stack trace:
#0 [internal function]: {closure}(2, 'mysqli_query():...', '/var/www/html/l...', 1931, Array)
#1 /var/www/html/lcgc-vials/wp-includes/wp-db.php(1931): mysqli_query(Object(mysqli), 'SELECT   wp_pos...')
#2 /var/www/html/lcgc-vials/wp-includes/wp-db.php(1820): wpdb->_do_query('SELECT   wp_pos...')
#3 /var/www/html/lcgc-vials/wp-includes/wp-db.php(2461): wpdb->query('SELECT   wp_pos...')
#4 /var/www/html/lcgc-vials/wp-includes/class-wp-query.php(2760): wpdb->get_col('SELECT   wp_pos...')
#5 /var/www/html/lcgc-vials/wp-includes/class-wp-query.php(3222): WP_Query->get_posts()
#6 /var/www/html/lcgc-vials/wp-includes/post.php(1704): WP_Query->query(Array)
#7 /var/www/html/lcgc-vials/wp-content/themes/storefront-child/alternativeStoreTemplate.php(133): get_posts(Array)
#8 /va

2017-12-07T03:00:26+00:00 CRITICAL Uncaught RuntimeException: mysqli_query(): MySQL server has gone away on line 1931 in file /var/www/html/lcgc-vials/wp-includes/wp-db.php in /var/www/html/lcgc-vials/wp-content/themes/storefront-child/alternativeStoreTemplate.php:10
Stack trace:
#0 [internal function]: {closure}(2, 'mysqli_query():...', '/var/www/html/l...', 1931, Array)
#1 /var/www/html/lcgc-vials/wp-includes/wp-db.php(1931): mysqli_query(Object(mysqli), 'SELECT   wp_pos...')
#2 /var/www/html/lcgc-vials/wp-includes/wp-db.php(1820): wpdb->_do_query('SELECT   wp_pos...')
#3 /var/www/html/lcgc-vials/wp-includes/wp-db.php(2461): wpdb->query('SELECT   wp_pos...')
#4 /var/www/html/lcgc-vials/wp-includes/class-wp-query.php(2760): wpdb->get_col('SELECT   wp_pos...')
#5 /var/www/html/lcgc-vials/wp-includes/class-wp-query.php(3222): WP_Query->get_posts()
#6 /var/www/html/lcgc-vials/wp-includes/post.php(1704): WP_Query->query(Array)
#7 /var/www/html/lcgc-vials/wp-content/themes/storefront-child/alternativeStoreTemplate.php(129): get_posts(Array)
#8 /va

2017-12-07T03:00:26+00:00 CRITICAL Uncaught RuntimeException: mysqli_query(): send of 3053 bytes failed with errno=32 Broken pipe on line 1931 in file /var/www/html/lcgc-vials/wp-includes/wp-db.php in /var/www/html/lcgc-vials/wp-content/themes/storefront-child/alternativeStoreTemplate.php:10
Stack trace:
#0 [internal function]: {closure}(8, 'mysqli_query():...', '/var/www/html/l...', 1931, Array)
#1 /var/www/html/lcgc-vials/wp-includes/wp-db.php(1931): mysqli_query(Object(mysqli), 'SELECT   wp_pos...')
#2 /var/www/html/lcgc-vials/wp-includes/wp-db.php(1820): wpdb->_do_query('SELECT   wp_pos...')
#3 /var/www/html/lcgc-vials/wp-includes/wp-db.php(2461): wpdb->query('SELECT   wp_pos...')
#4 /var/www/html/lcgc-vials/wp-includes/class-wp-query.php(2760): wpdb->get_col('SELECT   wp_pos...')
#5 /var/www/html/lcgc-vials/wp-includes/class-wp-query.php(3222): WP_Query->get_posts()
#6 /var/www/html/lcgc-vials/wp-includes/post.php(1704): WP_Query->query(Array)
#7 /var/www/html/lcgc-vials/wp-content/themes/storefront-child/alternativeStoreTemplate.php(133)

